<?xml version="1.0" encoding="UTF-8"?>
<testng-results ignored="0" total="2" passed="1" failed="1" skipped="0">
  <reporter-output>
  </reporter-output>
  <suite started-at="2021-01-23T09:09:53Z" name="search-module" finished-at="2021-01-23T09:10:45Z" duration-ms="51935">
    <groups>
    </groups>
    <test started-at="2021-01-23T09:09:53Z" name="search-module" finished-at="2021-01-23T09:10:35Z" duration-ms="42424">
      <class name="com.searchmodule.test.SearchTest">
        <test-method is-config="true" signature="setupDriver()[pri:0, instance:com.searchmodule.test.SearchTest@43c1b556]" started-at="2021-01-23T09:09:53Z" name="setupDriver" finished-at="2021-01-23T09:09:58Z" duration-ms="5376" status="PASS">
          <reporter-output>
          </reporter-output>
        </test-method> <!-- setupDriver -->
        <test-method signature="search(java.lang.String)[pri:0, instance:com.searchmodule.test.SearchTest@43c1b556]" started-at="2021-01-23T09:09:58Z" name="search" finished-at="2021-01-23T09:10:34Z" duration-ms="36150" status="FAIL">
          <params>
            <param index="0">
              <value>
                <![CDATA[java]]>
              </value>
            </param>
          </params>
          <exception class="org.openqa.selenium.TimeoutException">
            <message>
              <![CDATA[Expected condition failed: waiting for number of elements found by By.className: tile--vid to be "0". Current number: "60" (tried for 30 second(s) with 500 milliseconds interval)
Build info: version: '3.141.59', revision: 'e82be7d358', time: '2018-11-14T08:17:03'
System info: host: 'DESKTOP-ADVMO1O', ip: '192.168.29.128', os.name: 'Windows 10', os.arch: 'amd64', os.version: '10.0', java.version: '11.0.2'
Driver info: org.openqa.selenium.chrome.ChromeDriver
Capabilities {acceptInsecureCerts: false, browserName: chrome, browserVersion: 87.0.4280.141, chrome: {chromedriverVersion: 87.0.4280.88 (89e2380a3e36c..., userDataDir: C:\Users\JEBARA~1\AppData\L...}, goog:chromeOptions: {debuggerAddress: localhost:51918}, javascriptEnabled: true, networkConnectionEnabled: false, pageLoadStrategy: normal, platform: WINDOWS, platformName: WINDOWS, proxy: Proxy(), setWindowRect: true, strictFileInteractability: false, timeouts: {implicit: 0, pageLoad: 300000, script: 30000}, unhandledPromptBehavior: dismiss and notify, webauthn:virtualAuthenticators: true}
Session ID: cfb9ca94ae60a3c5c60b8115b5595f9b]]>
            </message>
            <full-stacktrace>
              <![CDATA[org.openqa.selenium.TimeoutException: Expected condition failed: waiting for number of elements found by By.className: tile--vid to be "0". Current number: "60" (tried for 30 second(s) with 500 milliseconds interval)
Build info: version: '3.141.59', revision: 'e82be7d358', time: '2018-11-14T08:17:03'
System info: host: 'DESKTOP-ADVMO1O', ip: '192.168.29.128', os.name: 'Windows 10', os.arch: 'amd64', os.version: '10.0', java.version: '11.0.2'
Driver info: org.openqa.selenium.chrome.ChromeDriver
Capabilities {acceptInsecureCerts: false, browserName: chrome, browserVersion: 87.0.4280.141, chrome: {chromedriverVersion: 87.0.4280.88 (89e2380a3e36c..., userDataDir: C:\Users\JEBARA~1\AppData\L...}, goog:chromeOptions: {debuggerAddress: localhost:51918}, javascriptEnabled: true, networkConnectionEnabled: false, pageLoadStrategy: normal, platform: WINDOWS, platformName: WINDOWS, proxy: Proxy(), setWindowRect: true, strictFileInteractability: false, timeouts: {implicit: 0, pageLoad: 300000, script: 30000}, unhandledPromptBehavior: dismiss and notify, webauthn:virtualAuthenticators: true}
Session ID: cfb9ca94ae60a3c5c60b8115b5595f9b
at org.openqa.selenium.support.ui.WebDriverWait.timeoutException(WebDriverWait.java:95)
at org.openqa.selenium.support.ui.FluentWait.until(FluentWait.java:272)
at com.searchmodule.pages.SearchPage.getResult(SearchPage.java:52)
at com.searchmodule.test.SearchTest.search(SearchTest.java:29)
at java.base/jdk.internal.reflect.NativeMethodAccessorImpl.invoke0(Native Method)
at java.base/jdk.internal.reflect.NativeMethodAccessorImpl.invoke(NativeMethodAccessorImpl.java:62)
at java.base/jdk.internal.reflect.DelegatingMethodAccessorImpl.invoke(DelegatingMethodAccessorImpl.java:43)
at java.base/java.lang.reflect.Method.invoke(Method.java:566)
at org.testng.internal.MethodInvocationHelper.invokeMethod(MethodInvocationHelper.java:124)
at org.testng.internal.Invoker.invokeMethod(Invoker.java:583)
at org.testng.internal.Invoker.invokeTestMethod(Invoker.java:719)
at org.testng.internal.Invoker.invokeTestMethods(Invoker.java:989)
at org.testng.internal.TestMethodWorker.invokeTestMethods(TestMethodWorker.java:125)
at org.testng.internal.TestMethodWorker.run(TestMethodWorker.java:109)
at org.testng.TestRunner.privateRun(TestRunner.java:648)
at org.testng.TestRunner.run(TestRunner.java:505)
at org.testng.SuiteRunner.runTest(SuiteRunner.java:455)
at org.testng.SuiteRunner.runSequentially(SuiteRunner.java:450)
at org.testng.SuiteRunner.privateRun(SuiteRunner.java:415)
at org.testng.SuiteRunner.run(SuiteRunner.java:364)
at org.testng.SuiteRunnerWorker.runSuite(SuiteRunnerWorker.java:52)
at org.testng.SuiteRunnerWorker.run(SuiteRunnerWorker.java:84)
at org.testng.TestNG.runSuitesSequentially(TestNG.java:1208)
at org.testng.TestNG.runSuitesLocally(TestNG.java:1137)
at org.testng.TestNG.runSuites(TestNG.java:1049)
at org.testng.TestNG.run(TestNG.java:1017)
at org.testng.remote.AbstractRemoteTestNG.run(AbstractRemoteTestNG.java:114)
at org.testng.remote.RemoteTestNG.initAndRun(RemoteTestNG.java:251)
at org.testng.remote.RemoteTestNG.main(RemoteTestNG.java:77)
]]>
            </full-stacktrace>
          </exception> <!-- org.openqa.selenium.TimeoutException -->
          <reporter-output>
          </reporter-output>
        </test-method> <!-- search -->
        <test-method is-config="true" signature="quitDriver()[pri:0, instance:com.searchmodule.test.SearchTest@43c1b556]" started-at="2021-01-23T09:10:35Z" name="quitDriver" finished-at="2021-01-23T09:10:35Z" duration-ms="842" status="PASS">
          <reporter-output>
          </reporter-output>
        </test-method> <!-- quitDriver -->
      </class> <!-- com.searchmodule.test.SearchTest -->
    </test> <!-- search-module -->
    <test started-at="2021-01-23T09:10:35Z" name="search-test-qa" finished-at="2021-01-23T09:10:45Z" duration-ms="9421">
      <class name="com.searchmodule.test.SearchTest">
        <test-method is-config="true" signature="setupDriver()[pri:0, instance:com.searchmodule.test.SearchTest@49e5f737]" started-at="2021-01-23T09:10:35Z" name="setupDriver" finished-at="2021-01-23T09:10:39Z" duration-ms="3606" status="PASS">
          <reporter-output>
          </reporter-output>
        </test-method> <!-- setupDriver -->
        <test-method signature="search(java.lang.String)[pri:0, instance:com.searchmodule.test.SearchTest@49e5f737]" started-at="2021-01-23T09:10:39Z" name="search" finished-at="2021-01-23T09:10:44Z" duration-ms="4873" status="PASS">
          <params>
            <param index="0">
              <value>
                <![CDATA[qa]]>
              </value>
            </param>
          </params>
          <reporter-output>
          </reporter-output>
        </test-method> <!-- search -->
        <test-method is-config="true" signature="quitDriver()[pri:0, instance:com.searchmodule.test.SearchTest@49e5f737]" started-at="2021-01-23T09:10:44Z" name="quitDriver" finished-at="2021-01-23T09:10:45Z" duration-ms="937" status="PASS">
          <reporter-output>
          </reporter-output>
        </test-method> <!-- quitDriver -->
      </class> <!-- com.searchmodule.test.SearchTest -->
    </test> <!-- search-test-qa -->
  </suite> <!-- search-module -->
</testng-results>
